2023-05-04 17:27:14,326 [myid:] - INFO  [main:QuorumPeerConfig@174] - Reading configuration from: /media/daniil/TOM_U/MIPT/SoftwareDesign/ClientLB/apache-zookeeper-3.7.1-bin/bin/../conf/zoo.cfg
2023-05-04 17:27:14,328 [myid:] - INFO  [main:QuorumPeerConfig@444] - clientPortAddress is 0.0.0.0:2181
2023-05-04 17:27:14,328 [myid:] - INFO  [main:QuorumPeerConfig@448] - secureClientPort is not set
2023-05-04 17:27:14,328 [myid:] - INFO  [main:QuorumPeerConfig@464] - observerMasterPort is not set
2023-05-04 17:27:14,328 [myid:] - INFO  [main:QuorumPeerConfig@481] - metricsProvider.className is org.apache.zookeeper.metrics.prometheus.PrometheusMetricsProvider
2023-05-04 17:27:14,330 [myid:] - INFO  [main:DatadirCleanupManager@78] - autopurge.snapRetainCount set to 3
2023-05-04 17:27:14,330 [myid:] - INFO  [main:DatadirCleanupManager@79] - autopurge.purgeInterval set to 0
2023-05-04 17:27:14,330 [myid:] - INFO  [main:DatadirCleanupManager@101] - Purge task is not scheduled.
2023-05-04 17:27:14,330 [myid:] - WARN  [main:QuorumPeerMain@139] - Either no config or no quorum defined in config, running in standalone mode
2023-05-04 17:27:14,331 [myid:] - INFO  [main:ManagedUtil@46] - Log4j 1.2 jmx support not found; jmx disabled.
2023-05-04 17:27:14,331 [myid:] - INFO  [main:QuorumPeerConfig@174] - Reading configuration from: /media/daniil/TOM_U/MIPT/SoftwareDesign/ClientLB/apache-zookeeper-3.7.1-bin/bin/../conf/zoo.cfg
2023-05-04 17:27:14,332 [myid:] - INFO  [main:QuorumPeerConfig@444] - clientPortAddress is 0.0.0.0:2181
2023-05-04 17:27:14,332 [myid:] - INFO  [main:QuorumPeerConfig@448] - secureClientPort is not set
2023-05-04 17:27:14,332 [myid:] - INFO  [main:QuorumPeerConfig@464] - observerMasterPort is not set
2023-05-04 17:27:14,332 [myid:] - INFO  [main:QuorumPeerConfig@481] - metricsProvider.className is org.apache.zookeeper.metrics.prometheus.PrometheusMetricsProvider
2023-05-04 17:27:14,332 [myid:] - INFO  [main:ZooKeeperServerMain@123] - Starting server
2023-05-04 17:27:14,350 [myid:] - INFO  [main:PrometheusMetricsProvider@74] - Initializing metrics, configuration: {exportJvmInfo=true, httpPort=7000}
2023-05-04 17:27:14,350 [myid:] - INFO  [main:PrometheusMetricsProvider@82] - Starting /metrics HTTP endpoint at port 7000 exportJvmInfo: true
2023-05-04 17:27:14,380 [myid:] - INFO  [main:Log@170] - Logging initialized @849ms to org.eclipse.jetty.util.log.Slf4jLog
2023-05-04 17:27:14,424 [myid:] - INFO  [main:Server@375] - jetty-9.4.43.v20210629; built: 2021-06-30T11:07:22.254Z; git: 526006ecfa3af7f1a27ef3a288e2bef7ea9dd7e8; jvm 17.0.6+10-Ubuntu-0ubuntu120.04.1
2023-05-04 17:27:14,443 [myid:] - INFO  [main:ContextHandler@915] - Started o.e.j.s.ServletContextHandler@292b08d6{/,null,AVAILABLE}
2023-05-04 17:27:14,452 [myid:] - INFO  [main:AbstractConnector@331] - Started ServerConnector@be64738{HTTP/1.1, (http/1.1)}{0.0.0.0:7000}
2023-05-04 17:27:14,453 [myid:] - INFO  [main:Server@415] - Started @922ms
2023-05-04 17:27:14,459 [myid:] - INFO  [main:ServerMetrics@62] - ServerMetrics initialized with provider org.apache.zookeeper.metrics.prometheus.PrometheusMetricsProvider@45b4c3a9
2023-05-04 17:27:14,466 [myid:] - INFO  [main:DigestAuthenticationProvider@47] - ACL digest algorithm is: SHA1
2023-05-04 17:27:14,466 [myid:] - INFO  [main:DigestAuthenticationProvider@61] - zookeeper.DigestAuthenticationProvider.enabled = true
2023-05-04 17:27:14,467 [myid:] - INFO  [main:FileTxnSnapLog@124] - zookeeper.snapshot.trust.empty : false
2023-05-04 17:27:14,473 [myid:] - INFO  [main:ZookeeperBanner@42] - 
2023-05-04 17:27:14,473 [myid:] - INFO  [main:ZookeeperBanner@42] -   ______                  _                                          
2023-05-04 17:27:14,473 [myid:] - INFO  [main:ZookeeperBanner@42] -  |___  /                 | |                                         
2023-05-04 17:27:14,473 [myid:] - INFO  [main:ZookeeperBanner@42] -     / /    ___     ___   | | __   ___    ___   _ __     ___   _ __   
2023-05-04 17:27:14,473 [myid:] - INFO  [main:ZookeeperBanner@42] -    / /    / _ \   / _ \  | |/ /  / _ \  / _ \ | '_ \   / _ \ | '__|
2023-05-04 17:27:14,473 [myid:] - INFO  [main:ZookeeperBanner@42] -   / /__  | (_) | | (_) | |   <  |  __/ |  __/ | |_) | |  __/ | |    
2023-05-04 17:27:14,473 [myid:] - INFO  [main:ZookeeperBanner@42] -  /_____|  \___/   \___/  |_|\_\  \___|  \___| | .__/   \___| |_|
2023-05-04 17:27:14,473 [myid:] - INFO  [main:ZookeeperBanner@42] -                                               | |                     
2023-05-04 17:27:14,473 [myid:] - INFO  [main:ZookeeperBanner@42] -                                               |_|                     
2023-05-04 17:27:14,473 [myid:] - INFO  [main:ZookeeperBanner@42] - 
2023-05-04 17:27:14,474 [myid:] - INFO  [main:Environment@98] - Server environment:zookeeper.version=3.7.1-a2fb57c55f8e59cdd76c34b357ad5181df1258d5, built on 2022-05-07 06:45 UTC
2023-05-04 17:27:14,474 [myid:] - INFO  [main:Environment@98] - Server environment:host.name=daniil
2023-05-04 17:27:14,474 [myid:] - INFO  [main:Environment@98] - Server environment:java.version=17.0.6
2023-05-04 17:27:14,474 [myid:] - INFO  [main:Environment@98] - Server environment:java.vendor=Private Build
2023-05-04 17:27:14,474 [myid:] - INFO  [main:Environment@98] - Server environment:java.home=/usr/lib/jvm/java-17-openjdk-amd64
2023-05-04 17:27:14,475 [myid:] - INFO  [main:Environment@98] - Server environment:java.class.path=/media/daniil/TOM_U/MIPT/SoftwareDesign/ClientLB/apache-zookeeper-3.7.1-bin/bin/../zookeeper-server/target/classes:/media/daniil/TOM_U/MIPT/SoftwareDesign/ClientLB/apache-zookeeper-3.7.1-bin/bin/../build/classes:/media/daniil/TOM_U/MIPT/SoftwareDesign/ClientLB/apache-zookeeper-3.7.1-bin/bin/../zookeeper-server/target/lib/*.jar:/media/daniil/TOM_U/MIPT/SoftwareDesign/ClientLB/apache-zookeeper-3.7.1-bin/bin/../build/lib/*.jar:/media/daniil/TOM_U/MIPT/SoftwareDesign/ClientLB/apache-zookeeper-3.7.1-bin/bin/../lib/zookeeper-prometheus-metrics-3.7.1.jar:/media/daniil/TOM_U/MIPT/SoftwareDesign/ClientLB/apache-zookeeper-3.7.1-bin/bin/../lib/zookeeper-jute-3.7.1.jar:/media/daniil/TOM_U/MIPT/SoftwareDesign/ClientLB/apache-zookeeper-3.7.1-bin/bin/../lib/zookeeper-3.7.1.jar:/media/daniil/TOM_U/MIPT/SoftwareDesign/ClientLB/apache-zookeeper-3.7.1-bin/bin/../lib/snappy-java-1.1.7.7.jar:/media/daniil/TOM_U/MIPT/SoftwareDesign/ClientLB/apache-zookeeper-3.7.1-bin/bin/../lib/slf4j-reload4j-1.7.35.jar:/media/daniil/TOM_U/MIPT/SoftwareDesign/ClientLB/apache-zookeeper-3.7.1-bin/bin/../lib/slf4j-api-1.7.35.jar:/media/daniil/TOM_U/MIPT/SoftwareDesign/ClientLB/apache-zookeeper-3.7.1-bin/bin/../lib/simpleclient_servlet-0.9.0.jar:/media/daniil/TOM_U/MIPT/SoftwareDesign/ClientLB/apache-zookeeper-3.7.1-bin/bin/../lib/simpleclient_hotspot-0.9.0.jar:/media/daniil/TOM_U/MIPT/SoftwareDesign/ClientLB/apache-zookeeper-3.7.1-bin/bin/../lib/simpleclient_common-0.9.0.jar:/media/daniil/TOM_U/MIPT/SoftwareDesign/ClientLB/apache-zookeeper-3.7.1-bin/bin/../lib/simpleclient-0.9.0.jar:/media/daniil/TOM_U/MIPT/SoftwareDesign/ClientLB/apache-zookeeper-3.7.1-bin/bin/../lib/reload4j-1.2.19.jar:/media/daniil/TOM_U/MIPT/SoftwareDesign/ClientLB/apache-zookeeper-3.7.1-bin/bin/../lib/netty-transport-native-unix-common-4.1.76.Final.jar:/media/daniil/TOM_U/MIPT/SoftwareDesign/ClientLB/apache-zookeeper-3.7.1-bin/bin/../lib/netty-transport-native-epoll-4.1.76.Final.jar:/media/daniil/TOM_U/MIPT/SoftwareDesign/ClientLB/apache-zookeeper-3.7.1-bin/bin/../lib/netty-transport-classes-epoll-4.1.76.Final.jar:/media/daniil/TOM_U/MIPT/SoftwareDesign/ClientLB/apache-zookeeper-3.7.1-bin/bin/../lib/netty-transport-4.1.76.Final.jar:/media/daniil/TOM_U/MIPT/SoftwareDesign/ClientLB/apache-zookeeper-3.7.1-bin/bin/../lib/netty-resolver-4.1.76.Final.jar:/media/daniil/TOM_U/MIPT/SoftwareDesign/ClientLB/apache-zookeeper-3.7.1-bin/bin/../lib/netty-handler-4.1.76.Final.jar:/media/daniil/TOM_U/MIPT/SoftwareDesign/ClientLB/apache-zookeeper-3.7.1-bin/bin/../lib/netty-common-4.1.76.Final.jar:/media/daniil/TOM_U/MIPT/SoftwareDesign/ClientLB/apache-zookeeper-3.7.1-bin/bin/../lib/netty-codec-4.1.76.Final.jar:/media/daniil/TOM_U/MIPT/SoftwareDesign/ClientLB/apache-zookeeper-3.7.1-bin/bin/../lib/netty-buffer-4.1.76.Final.jar:/media/daniil/TOM_U/MIPT/SoftwareDesign/ClientLB/apache-zookeeper-3.7.1-bin/bin/../lib/metrics-core-4.1.12.1.jar:/media/daniil/TOM_U/MIPT/SoftwareDesign/ClientLB/apache-zookeeper-3.7.1-bin/bin/../lib/jline-2.14.6.jar:/media/daniil/TOM_U/MIPT/SoftwareDesign/ClientLB/apache-zookeeper-3.7.1-bin/bin/../lib/jetty-util-ajax-9.4.43.v20210629.jar:/media/daniil/TOM_U/MIPT/SoftwareDesign/ClientLB/apache-zookeeper-3.7.1-bin/bin/../lib/jetty-util-9.4.43.v20210629.jar:/media/daniil/TOM_U/MIPT/SoftwareDesign/ClientLB/apache-zookeeper-3.7.1-bin/bin/../lib/jetty-servlet-9.4.43.v20210629.jar:/media/daniil/TOM_U/MIPT/SoftwareDesign/ClientLB/apache-zookeeper-3.7.1-bin/bin/../lib/jetty-server-9.4.43.v20210629.jar:/media/daniil/TOM_U/MIPT/SoftwareDesign/ClientLB/apache-zookeeper-3.7.1-bin/bin/../lib/jetty-security-9.4.43.v20210629.jar:/media/daniil/TOM_U/MIPT/SoftwareDesign/ClientLB/apache-zookeeper-3.7.1-bin/bin/../lib/jetty-io-9.4.43.v20210629.jar:/media/daniil/TOM_U/MIPT/SoftwareDesign/ClientLB/apache-zookeeper-3.7.1-bin/bin/../lib/jetty-http-9.4.43.v20210629.jar:/media/daniil/TOM_U/MIPT/SoftwareDesign/ClientLB/apache-zookeeper-3.7.1-bin/bin/../lib/javax.servlet-api-3.1.0.jar:/media/daniil/TOM_U/MIPT/SoftwareDesign/ClientLB/apache-zookeeper-3.7.1-bin/bin/../lib/jackson-databind-2.13.2.1.jar:/media/daniil/TOM_U/MIPT/SoftwareDesign/ClientLB/apache-zookeeper-3.7.1-bin/bin/../lib/jackson-core-2.13.2.jar:/media/daniil/TOM_U/MIPT/SoftwareDesign/ClientLB/apache-zookeeper-3.7.1-bin/bin/../lib/jackson-annotations-2.13.2.jar:/media/daniil/TOM_U/MIPT/SoftwareDesign/ClientLB/apache-zookeeper-3.7.1-bin/bin/../lib/commons-cli-1.4.jar:/media/daniil/TOM_U/MIPT/SoftwareDesign/ClientLB/apache-zookeeper-3.7.1-bin/bin/../lib/audience-annotations-0.12.0.jar:/media/daniil/TOM_U/MIPT/SoftwareDesign/ClientLB/apache-zookeeper-3.7.1-bin/bin/../zookeeper-*.jar:/media/daniil/TOM_U/MIPT/SoftwareDesign/ClientLB/apache-zookeeper-3.7.1-bin/bin/../zookeeper-server/src/main/resources/lib/*.jar:/media/daniil/TOM_U/MIPT/SoftwareDesign/ClientLB/apache-zookeeper-3.7.1-bin/bin/../conf:
2023-05-04 17:27:14,475 [myid:] - INFO  [main:Environment@98] - Server environment:java.library.path=/usr/java/packages/lib:/usr/lib/x86_64-linux-gnu/jni:/lib/x86_64-linux-gnu:/usr/lib/x86_64-linux-gnu:/usr/lib/jni:/lib:/usr/lib
2023-05-04 17:27:14,475 [myid:] - INFO  [main:Environment@98] - Server environment:java.io.tmpdir=/tmp
2023-05-04 17:27:14,475 [myid:] - INFO  [main:Environment@98] - Server environment:java.compiler=<NA>
2023-05-04 17:27:14,475 [myid:] - INFO  [main:Environment@98] - Server environment:os.name=Linux
2023-05-04 17:27:14,475 [myid:] - INFO  [main:Environment@98] - Server environment:os.arch=amd64
2023-05-04 17:27:14,475 [myid:] - INFO  [main:Environment@98] - Server environment:os.version=5.15.0-71-generic
2023-05-04 17:27:14,475 [myid:] - INFO  [main:Environment@98] - Server environment:user.name=daniil
2023-05-04 17:27:14,475 [myid:] - INFO  [main:Environment@98] - Server environment:user.home=/home/daniil
2023-05-04 17:27:14,475 [myid:] - INFO  [main:Environment@98] - Server environment:user.dir=/media/daniil/TOM_U/MIPT/SoftwareDesign/ClientLB/apache-zookeeper-3.7.1-bin
2023-05-04 17:27:14,475 [myid:] - INFO  [main:Environment@98] - Server environment:os.memory.free=728MB
2023-05-04 17:27:14,475 [myid:] - INFO  [main:Environment@98] - Server environment:os.memory.max=1000MB
2023-05-04 17:27:14,475 [myid:] - INFO  [main:Environment@98] - Server environment:os.memory.total=754MB
2023-05-04 17:27:14,475 [myid:] - INFO  [main:ZooKeeperServer@138] - zookeeper.enableEagerACLCheck = false
2023-05-04 17:27:14,475 [myid:] - INFO  [main:ZooKeeperServer@151] - zookeeper.digest.enabled = true
2023-05-04 17:27:14,475 [myid:] - INFO  [main:ZooKeeperServer@155] - zookeeper.closeSessionTxn.enabled = true
2023-05-04 17:27:14,475 [myid:] - INFO  [main:ZooKeeperServer@1505] - zookeeper.flushDelay=0
2023-05-04 17:27:14,475 [myid:] - INFO  [main:ZooKeeperServer@1514] - zookeeper.maxWriteQueuePollTime=0
2023-05-04 17:27:14,475 [myid:] - INFO  [main:ZooKeeperServer@1523] - zookeeper.maxBatchSize=1000
2023-05-04 17:27:14,475 [myid:] - INFO  [main:ZooKeeperServer@260] - zookeeper.intBufferStartingSizeBytes = 1024
2023-05-04 17:27:14,476 [myid:] - INFO  [main:BlueThrottle@141] - Weighed connection throttling is disabled
2023-05-04 17:27:14,476 [myid:] - INFO  [main:ZooKeeperServer@1306] - minSessionTimeout set to 4000
2023-05-04 17:27:14,476 [myid:] - INFO  [main:ZooKeeperServer@1315] - maxSessionTimeout set to 40000
2023-05-04 17:27:14,477 [myid:] - INFO  [main:ResponseCache@45] - getData response cache size is initialized with value 400.
2023-05-04 17:27:14,477 [myid:] - INFO  [main:ResponseCache@45] - getChildren response cache size is initialized with value 400.
2023-05-04 17:27:14,478 [myid:] - INFO  [main:RequestPathMetricsCollector@109] - zookeeper.pathStats.slotCapacity = 60
2023-05-04 17:27:14,478 [myid:] - INFO  [main:RequestPathMetricsCollector@110] - zookeeper.pathStats.slotDuration = 15
2023-05-04 17:27:14,478 [myid:] - INFO  [main:RequestPathMetricsCollector@111] - zookeeper.pathStats.maxDepth = 6
2023-05-04 17:27:14,478 [myid:] - INFO  [main:RequestPathMetricsCollector@112] - zookeeper.pathStats.initialDelay = 5
2023-05-04 17:27:14,478 [myid:] - INFO  [main:RequestPathMetricsCollector@113] - zookeeper.pathStats.delay = 5
2023-05-04 17:27:14,478 [myid:] - INFO  [main:RequestPathMetricsCollector@114] - zookeeper.pathStats.enabled = false
2023-05-04 17:27:14,479 [myid:] - INFO  [main:ZooKeeperServer@1542] - The max bytes for all large requests are set to 104857600
2023-05-04 17:27:14,479 [myid:] - INFO  [main:ZooKeeperServer@1556] - The large request threshold is set to -1
2023-05-04 17:27:14,480 [myid:] - INFO  [main:AuthenticationHelper@66] - zookeeper.enforce.auth.enabled = false
2023-05-04 17:27:14,480 [myid:] - INFO  [main:AuthenticationHelper@67] - zookeeper.enforce.auth.schemes = []
2023-05-04 17:27:14,480 [myid:] - INFO  [main:ZooKeeperServer@361] - Created server with tickTime 2000 minSessionTimeout 4000 maxSessionTimeout 40000 clientPortListenBacklog -1 datadir /tmp/zookeeper/version-2 snapdir /tmp/zookeeper/version-2
2023-05-04 17:27:14,483 [myid:] - WARN  [main:ContextHandler@1656] - o.e.j.s.ServletContextHandler@4d0f2471{/,null,STOPPED} contextPath ends with /*
2023-05-04 17:27:14,483 [myid:] - WARN  [main:ContextHandler@1667] - Empty contextPath
2023-05-04 17:27:14,485 [myid:] - INFO  [main:Server@375] - jetty-9.4.43.v20210629; built: 2021-06-30T11:07:22.254Z; git: 526006ecfa3af7f1a27ef3a288e2bef7ea9dd7e8; jvm 17.0.6+10-Ubuntu-0ubuntu120.04.1
2023-05-04 17:27:14,488 [myid:] - INFO  [main:DefaultSessionIdManager@334] - DefaultSessionIdManager workerName=node0
2023-05-04 17:27:14,488 [myid:] - INFO  [main:DefaultSessionIdManager@339] - No SessionScavenger set, using defaults
2023-05-04 17:27:14,488 [myid:] - INFO  [main:HouseKeeper@132] - node0 Scavenging every 660000ms
2023-05-04 17:27:14,490 [myid:] - WARN  [main:ConstraintSecurityHandler@759] - ServletContext@o.e.j.s.ServletContextHandler@4d0f2471{/,null,STARTING} has uncovered http methods for path: /*
2023-05-04 17:27:14,490 [myid:] - INFO  [main:ContextHandler@915] - Started o.e.j.s.ServletContextHandler@4d0f2471{/,null,AVAILABLE}
2023-05-04 17:27:14,491 [myid:] - INFO  [main:AbstractConnector@331] - Started ServerConnector@3e84448c{HTTP/1.1, (http/1.1)}{0.0.0.0:8080}
2023-05-04 17:27:14,491 [myid:] - INFO  [main:Server@415] - Started @960ms
2023-05-04 17:27:14,491 [myid:] - INFO  [main:JettyAdminServer@190] - Started AdminServer on address 0.0.0.0, port 8080 and command URL /commands
2023-05-04 17:27:14,493 [myid:] - INFO  [main:ServerCnxnFactory@169] - Using org.apache.zookeeper.server.NIOServerCnxnFactory as server connection factory
2023-05-04 17:27:14,494 [myid:] - WARN  [main:ServerCnxnFactory@309] - maxCnxns is not configured, using default value 0.
2023-05-04 17:27:14,495 [myid:] - INFO  [main:NIOServerCnxnFactory@652] - Configuring NIO connection handler with 10s sessionless connection timeout, 2 selector thread(s), 32 worker threads, and 64 kB direct buffers.
2023-05-04 17:27:14,495 [myid:] - INFO  [main:NIOServerCnxnFactory@660] - binding to port 0.0.0.0/0.0.0.0:2181
2023-05-04 17:27:14,503 [myid:] - INFO  [main:WatchManagerFactory@42] - Using org.apache.zookeeper.server.watch.WatchManager as watch manager
2023-05-04 17:27:14,504 [myid:] - INFO  [main:WatchManagerFactory@42] - Using org.apache.zookeeper.server.watch.WatchManager as watch manager
2023-05-04 17:27:14,504 [myid:] - INFO  [main:ZKDatabase@133] - zookeeper.snapshotSizeFactor = 0.33
2023-05-04 17:27:14,504 [myid:] - INFO  [main:ZKDatabase@153] - zookeeper.commitLogCount=500
2023-05-04 17:27:14,507 [myid:] - INFO  [main:SnapStream@61] - zookeeper.snapshot.compression.method = CHECKED
2023-05-04 17:27:14,507 [myid:] - INFO  [main:FileTxnSnapLog@479] - Snapshotting: 0x0 to /tmp/zookeeper/version-2/snapshot.0
2023-05-04 17:27:14,518 [myid:] - INFO  [main:ZKDatabase@290] - Snapshot loaded in 14 ms, highest zxid is 0x0, digest is 1371985504
2023-05-04 17:27:14,519 [myid:] - INFO  [main:FileTxnSnapLog@479] - Snapshotting: 0x0 to /tmp/zookeeper/version-2/snapshot.0
2023-05-04 17:27:14,520 [myid:] - INFO  [main:ZooKeeperServer@543] - Snapshot taken in 1 ms
2023-05-04 17:27:14,527 [myid:] - INFO  [ProcessThread(sid:0 cport:2181)::PrepRequestProcessor@137] - PrepRequestProcessor (sid:0) started, reconfigEnabled=false
2023-05-04 17:27:14,527 [myid:] - INFO  [main:RequestThrottler@75] - zookeeper.request_throttler.shutdownTimeout = 10000
2023-05-04 17:27:14,536 [myid:] - INFO  [main:ContainerManager@84] - Using checkIntervalMs=60000 maxPerMinute=10000 maxNeverUsedIntervalMs=0
2023-05-04 17:27:14,537 [myid:] - INFO  [main:ZKAuditProvider@42] - ZooKeeper audit is disabled.
2023-05-04 17:27:14,945 [myid:] - INFO  [SyncThread:0:FileTxnLog@284] - Creating new log file: log.1
2023-05-04 17:28:14,537 [myid:] - INFO  [ContainerManagerTask:ContainerManager@135] - Attempting to delete candidate container: /services/Producer
2023-05-04 17:29:14,537 [myid:] - INFO  [ContainerManagerTask:ContainerManager@135] - Attempting to delete candidate container: /services
2023-05-04 17:58:14,536 [myid:] - INFO  [ContainerManagerTask:ContainerManager@135] - Attempting to delete candidate container: /services/Producer
2023-05-04 18:00:14,536 [myid:] - INFO  [ContainerManagerTask:ContainerManager@135] - Attempting to delete candidate container: /services/Producer
2023-05-04 20:07:05,983 [myid:] - WARN  [NIOWorkerThread-32:NIOServerCnxn@371] - Unexpected exception
EndOfStreamException: Unable to read additional data from client, it probably closed the socket: address = /127.0.0.1:36024, session = 0x10000de1b61002a
	at org.apache.zookeeper.server.NIOServerCnxn.handleFailedRead(NIOServerCnxn.java:170)
	at org.apache.zookeeper.server.NIOServerCnxn.doIO(NIOServerCnxn.java:333)
	at org.apache.zookeeper.server.NIOServerCnxnFactory$IOWorkRequest.doWork(NIOServerCnxnFactory.java:508)
	at org.apache.zookeeper.server.WorkerService$ScheduledWorkRequest.run(WorkerService.java:154)
	at java.base/java.util.concurrent.ThreadPoolExecutor.runWorker(ThreadPoolExecutor.java:1136)
	at java.base/java.util.concurrent.ThreadPoolExecutor$Worker.run(ThreadPoolExecutor.java:635)
	at java.base/java.lang.Thread.run(Thread.java:833)
2023-05-04 20:07:18,521 [myid:] - INFO  [SessionTracker:ZooKeeperServer@628] - Expiring session 0x10000de1b61002a, timeout of 40000ms exceeded
2023-05-04 20:51:14,536 [myid:] - INFO  [ContainerManagerTask:ContainerManager@135] - Attempting to delete candidate container: /services/Producer
2023-05-04 20:54:14,536 [myid:] - INFO  [ContainerManagerTask:ContainerManager@135] - Attempting to delete candidate container: /services/Producer
2023-05-04 20:55:14,536 [myid:] - INFO  [ContainerManagerTask:ContainerManager@135] - Attempting to delete candidate container: /services
2023-05-04 21:06:14,536 [myid:] - INFO  [ContainerManagerTask:ContainerManager@135] - Attempting to delete candidate container: /services/Producer
